<?xml version="1.0" encoding="UTF-8"?>
<!-- Generated by org.testng.reporters.JUnitReportReporter -->
<testsuite skipped="0" hostname="DESKTOP-7LLPP5P" name="com.herokuapp.test.selenium_for_beginners.AppTest" tests="1" failures="0" timestamp="2019-02-15T14:39:39 EST" time="0.003" errors="0">
  <testcase name="testApp" time="0.003" classname="com.herokuapp.test.selenium_for_beginners.AppTest"/>
</testsuite> <!-- com.herokuapp.test.selenium_for_beginners.AppTest -->
